{
  "RSpec": {
    "coverage": {
      "/apptest/spec/helpers/homes_helper_spec.rb": [
        1,
        null,
        null,
        null,
        null,
        null,
        null,
        null,
        null,
        null,
        null,
        null,
        0,
        0,
        null
      ],
      "/apptest/spec/rails_helper.rb": [
        null,
        1,
        1,
        1,
        null,
        1,
        1,
        null,
        1,
        1,
        1,
        null,
        null,
        null,
        null,
        null,
        null,
        null,
        null,
        null,
        null,
        null,
        null,
        null,
        null,
        null,
        null,
        null,
        0,
        null,
        0,
        null,
        0,
        null,
        null,
        null,
        null,
        0,
        null,
        null,
        null,
        null,
        null,
        null,
        null,
        null,
        null,
        null,
        null,
        null,
        null,
        null,
        0,
        null,
        null,
        0,
        null,
        null,
        null
      ],
      "/apptest/spec/models/home_spec.rb": [
        1,
        null,
        0,
        0,
        null
      ],
      "/apptest/spec/requests/homes_spec.rb": [
        1,
        null,
        0,
        0,
        0,
        0,
        0,
        null,
        null,
        null
      ],
      "/apptest/spec/routing/homes_routing_spec.rb": [
        1,
        null,
        0,
        0,
        null,
        0,
        0,
        null,
        null,
        0,
        0,
        null,
        null,
        0,
        0,
        null,
        null,
        0,
        0,
        null,
        null,
        0,
        0,
        null,
        null,
        0,
        0,
        null,
        null,
        0,
        0,
        null,
        null,
        0,
        0,
        null,
        null,
        null,
        null
      ],
      "/apptest/spec/views/homes/edit.html.erb_spec.rb": [
        1,
        null,
        0,
        0,
        0,
        null,
        null,
        null,
        null,
        0,
        0,
        null,
        0,
        null,
        0,
        null,
        null,
        null
      ],
      "/apptest/spec/views/homes/index.html.erb_spec.rb": [
        1,
        null,
        0,
        0,
        0,
        null,
        null,
        null,
        null,
        null,
        null,
        null,
        null,
        null,
        0,
        0,
        0,
        null,
        null
      ],
      "/apptest/spec/views/homes/new.html.erb_spec.rb": [
        1,
        null,
        0,
        0,
        0,
        null,
        null,
        null,
        null,
        0,
        0,
        null,
        0,
        null,
        0,
        null,
        null,
        null
      ],
      "/apptest/spec/views/homes/show.html.erb_spec.rb": [
        1,
        null,
        0,
        0,
        0,
        null,
        null,
        null,
        null,
        0,
        0,
        0,
        null,
        null
      ]
    },
    "timestamp": 1521145350
  }
}
